2021-05-26 20:58:26 0 [Note] InnoDB: Mutexes and rw_locks use Windows interlocked functions
2021-05-26 20:58:26 0 [Note] InnoDB: Uses event mutexes
2021-05-26 20:58:26 0 [Note] InnoDB: Compressed tables use zlib 1.2.11
2021-05-26 20:58:26 0 [Note] InnoDB: Number of pools: 1
2021-05-26 20:58:26 0 [Note] InnoDB: Using SSE2 crc32 instructions
2021-05-26 20:58:26 0 [Note] InnoDB: Initializing buffer pool, total size = 16M, instances = 1, chunk size = 16M
2021-05-26 20:58:26 0 [Note] InnoDB: Completed initialization of buffer pool
2021-05-26 20:58:26 0 [Note] InnoDB: Starting crash recovery from checkpoint LSN=300288
2021-05-26 20:58:26 0 [Note] InnoDB: 128 out of 128 rollback segments are active.
2021-05-26 20:58:26 0 [Note] InnoDB: Removed temporary tablespace data file: "ibtmp1"
2021-05-26 20:58:26 0 [Note] InnoDB: Creating shared tablespace for temporary tables
2021-05-26 20:58:26 0 [Note] InnoDB: Setting file 'C:\xampp\mysql\data\ibtmp1' size to 12 MB. Physically writing the file full; Please wait ...
2021-05-26 20:58:26 0 [Note] InnoDB: File 'C:\xampp\mysql\data\ibtmp1' size is now 12 MB.
2021-05-26 20:58:26 0 [Note] InnoDB: Waiting for purge to start
2021-05-26 20:58:26 0 [Note] InnoDB: 10.4.19 started; log sequence number 300297; transaction id 170
2021-05-26 20:58:26 0 [Note] InnoDB: Loading buffer pool(s) from C:\xampp\mysql\data\ib_buffer_pool
2021-05-26 20:58:26 0 [Note] Plugin 'FEEDBACK' is disabled.
2021-05-26 20:58:26 0 [Note] Server socket created on IP: '::'.
2021-05-26 20:58:26 0 [ERROR] Can't start server: Bind on TCP/IP port. Got error: 10048: Only one usage of each socket address (protocol/network address/port) is normally permitted.

2021-05-26 20:58:26 0 [ERROR] Do you already have another mysqld server running on port: 3306 ?
2021-05-26 20:58:26 0 [ERROR] Aborting
2021-05-26 20:58:32 0 [Note] InnoDB: Mutexes and rw_locks use Windows interlocked functions
2021-05-26 20:58:32 0 [Note] InnoDB: Uses event mutexes
2021-05-26 20:58:32 0 [Note] InnoDB: Compressed tables use zlib 1.2.11
2021-05-26 20:58:32 0 [Note] InnoDB: Number of pools: 1
2021-05-26 20:58:32 0 [Note] InnoDB: Using SSE2 crc32 instructions
2021-05-26 20:58:32 0 [Note] InnoDB: Initializing buffer pool, total size = 16M, instances = 1, chunk size = 16M
2021-05-26 20:58:32 0 [Note] InnoDB: Completed initialization of buffer pool
2021-05-26 20:58:32 0 [Note] InnoDB: 128 out of 128 rollback segments are active.
2021-05-26 20:58:32 0 [Note] InnoDB: Creating shared tablespace for temporary tables
2021-05-26 20:58:32 0 [Note] InnoDB: Setting file 'C:\xampp\mysql\data\ibtmp1' size to 12 MB. Physically writing the file full; Please wait ...
2021-05-26 20:58:32 0 [Note] InnoDB: File 'C:\xampp\mysql\data\ibtmp1' size is now 12 MB.
2021-05-26 20:58:32 0 [Note] InnoDB: Waiting for purge to start
2021-05-26 20:58:32 0 [Note] InnoDB: 10.4.19 started; log sequence number 300306; transaction id 170
2021-05-26 20:58:32 0 [Note] Plugin 'FEEDBACK' is disabled.
2021-05-26 20:58:32 0 [Note] InnoDB: Loading buffer pool(s) from C:\xampp\mysql\data\ib_buffer_pool
2021-05-26 20:58:32 0 [Note] Server socket created on IP: '::'.
2021-05-26 20:58:32 0 [ERROR] Can't start server: Bind on TCP/IP port. Got error: 10048: Only one usage of each socket address (protocol/network address/port) is normally permitted.

2021-05-26 20:58:32 0 [ERROR] Do you already have another mysqld server running on port: 3306 ?
2021-05-26 20:58:32 0 [ERROR] Aborting
2021-05-26 21:07:13 0 [Note] InnoDB: Mutexes and rw_locks use Windows interlocked functions
2021-05-26 21:07:13 0 [Note] InnoDB: Uses event mutexes
2021-05-26 21:07:13 0 [Note] InnoDB: Compressed tables use zlib 1.2.11
2021-05-26 21:07:13 0 [Note] InnoDB: Number of pools: 1
2021-05-26 21:07:13 0 [Note] InnoDB: Using SSE2 crc32 instructions
2021-05-26 21:07:13 0 [Note] InnoDB: Initializing buffer pool, total size = 16M, instances = 1, chunk size = 16M
2021-05-26 21:07:13 0 [Note] InnoDB: Completed initialization of buffer pool
2021-05-26 21:07:13 0 [Note] InnoDB: 128 out of 128 rollback segments are active.
2021-05-26 21:07:13 0 [Note] InnoDB: Creating shared tablespace for temporary tables
2021-05-26 21:07:13 0 [Note] InnoDB: Setting file 'C:\xampp\mysql\data\ibtmp1' size to 12 MB. Physically writing the file full; Please wait ...
2021-05-26 21:07:13 0 [Note] InnoDB: File 'C:\xampp\mysql\data\ibtmp1' size is now 12 MB.
2021-05-26 21:07:13 0 [Note] InnoDB: Waiting for purge to start
2021-05-26 21:07:13 0 [Note] InnoDB: 10.4.19 started; log sequence number 300315; transaction id 170
2021-05-26 21:07:13 0 [Note] InnoDB: Loading buffer pool(s) from C:\xampp\mysql\data\ib_buffer_pool
2021-05-26 21:07:13 0 [Note] Plugin 'FEEDBACK' is disabled.
2021-05-26 21:07:13 0 [Note] Server socket created on IP: '::'.
2021-05-26 23:50:39 0 [Note] InnoDB: Mutexes and rw_locks use Windows interlocked functions
2021-05-26 23:50:39 0 [Note] InnoDB: Uses event mutexes
2021-05-26 23:50:39 0 [Note] InnoDB: Compressed tables use zlib 1.2.11
2021-05-26 23:50:39 0 [Note] InnoDB: Number of pools: 1
2021-05-26 23:50:39 0 [Note] InnoDB: Using SSE2 crc32 instructions
2021-05-26 23:50:39 0 [Note] InnoDB: Initializing buffer pool, total size = 16M, instances = 1, chunk size = 16M
2021-05-26 23:50:39 0 [Note] InnoDB: Completed initialization of buffer pool
2021-05-26 23:50:39 0 [Note] InnoDB: Starting crash recovery from checkpoint LSN=304832
2021-05-26 23:50:40 0 [Note] InnoDB: 128 out of 128 rollback segments are active.
2021-05-26 23:50:40 0 [Note] InnoDB: Removed temporary tablespace data file: "ibtmp1"
2021-05-26 23:50:40 0 [Note] InnoDB: Creating shared tablespace for temporary tables
2021-05-26 23:50:40 0 [Note] InnoDB: Setting file 'C:\xampp\mysql\data\ibtmp1' size to 12 MB. Physically writing the file full; Please wait ...
2021-05-26 23:50:40 0 [Note] InnoDB: File 'C:\xampp\mysql\data\ibtmp1' size is now 12 MB.
2021-05-26 23:50:40 0 [Note] InnoDB: Waiting for purge to start
2021-05-26 23:50:40 0 [Note] InnoDB: 10.4.19 started; log sequence number 304841; transaction id 199
2021-05-26 23:50:40 0 [Note] Plugin 'FEEDBACK' is disabled.
2021-05-26 23:50:40 0 [Note] InnoDB: Loading buffer pool(s) from C:\xampp\mysql\data\ib_buffer_pool
2021-05-26 23:50:40 0 [Note] Server socket created on IP: '::'.
2021-05-27  0:24:47 0 [Note] InnoDB: Mutexes and rw_locks use Windows interlocked functions
2021-05-27  0:24:47 0 [Note] InnoDB: Uses event mutexes
2021-05-27  0:24:47 0 [Note] InnoDB: Compressed tables use zlib 1.2.11
2021-05-27  0:24:47 0 [Note] InnoDB: Number of pools: 1
2021-05-27  0:24:47 0 [Note] InnoDB: Using SSE2 crc32 instructions
2021-05-27  0:24:47 0 [Note] InnoDB: Initializing buffer pool, total size = 16M, instances = 1, chunk size = 16M
2021-05-27  0:24:47 0 [Note] InnoDB: Completed initialization of buffer pool
2021-05-27  0:24:47 0 [Note] InnoDB: Starting crash recovery from checkpoint LSN=304850
2021-05-27  0:24:47 0 [Note] InnoDB: 128 out of 128 rollback segments are active.
2021-05-27  0:24:47 0 [Note] InnoDB: Removed temporary tablespace data file: "ibtmp1"
2021-05-27  0:24:47 0 [Note] InnoDB: Creating shared tablespace for temporary tables
2021-05-27  0:24:47 0 [Note] InnoDB: Setting file 'C:\xampp\mysql\data\ibtmp1' size to 12 MB. Physically writing the file full; Please wait ...
2021-05-27  0:24:47 0 [Note] InnoDB: File 'C:\xampp\mysql\data\ibtmp1' size is now 12 MB.
2021-05-27  0:24:47 0 [Note] InnoDB: Waiting for purge to start
2021-05-27  0:24:48 0 [Note] InnoDB: 10.4.19 started; log sequence number 304859; transaction id 199
2021-05-27  0:24:48 0 [Note] InnoDB: Loading buffer pool(s) from C:\xampp\mysql\data\ib_buffer_pool
2021-05-27  0:24:48 0 [Note] Plugin 'FEEDBACK' is disabled.
2021-05-27  0:24:48 0 [Note] Server socket created on IP: '::'.
2021-05-27  9:01:11 0 [Note] InnoDB: Mutexes and rw_locks use Windows interlocked functions
2021-05-27  9:01:11 0 [Note] InnoDB: Uses event mutexes
2021-05-27  9:01:11 0 [Note] InnoDB: Compressed tables use zlib 1.2.11
2021-05-27  9:01:11 0 [Note] InnoDB: Number of pools: 1
2021-05-27  9:01:11 0 [Note] InnoDB: Using SSE2 crc32 instructions
2021-05-27  9:01:11 0 [Note] InnoDB: Initializing buffer pool, total size = 16M, instances = 1, chunk size = 16M
2021-05-27  9:01:11 0 [Note] InnoDB: Completed initialization of buffer pool
2021-05-27  9:01:11 0 [Note] InnoDB: Starting crash recovery from checkpoint LSN=304868
2021-05-27  9:01:11 0 [Note] InnoDB: 128 out of 128 rollback segments are active.
2021-05-27  9:01:11 0 [Note] InnoDB: Removed temporary tablespace data file: "ibtmp1"
2021-05-27  9:01:11 0 [Note] InnoDB: Creating shared tablespace for temporary tables
2021-05-27  9:01:11 0 [Note] InnoDB: Setting file 'C:\xampp\mysql\data\ibtmp1' size to 12 MB. Physically writing the file full; Please wait ...
2021-05-27  9:01:11 0 [Note] InnoDB: File 'C:\xampp\mysql\data\ibtmp1' size is now 12 MB.
2021-05-27  9:01:11 0 [Note] InnoDB: Waiting for purge to start
2021-05-27  9:01:11 0 [Note] InnoDB: 10.4.19 started; log sequence number 304877; transaction id 199
2021-05-27  9:01:11 0 [Note] InnoDB: Loading buffer pool(s) from C:\xampp\mysql\data\ib_buffer_pool
2021-05-27  9:01:11 0 [Note] Plugin 'FEEDBACK' is disabled.
2021-05-27  9:01:11 0 [Note] Server socket created on IP: '::'.
2021-05-27 17:43:00 0 [Note] InnoDB: Mutexes and rw_locks use Windows interlocked functions
2021-05-27 17:43:00 0 [Note] InnoDB: Uses event mutexes
2021-05-27 17:43:00 0 [Note] InnoDB: Compressed tables use zlib 1.2.11
2021-05-27 17:43:00 0 [Note] InnoDB: Number of pools: 1
2021-05-27 17:43:00 0 [Note] InnoDB: Using SSE2 crc32 instructions
2021-05-27 17:43:00 0 [Note] InnoDB: Initializing buffer pool, total size = 16M, instances = 1, chunk size = 16M
2021-05-27 17:43:00 0 [Note] InnoDB: Completed initialization of buffer pool
2021-05-27 17:43:00 0 [Note] InnoDB: Starting crash recovery from checkpoint LSN=304886
2021-05-27 17:43:01 0 [Note] InnoDB: 128 out of 128 rollback segments are active.
2021-05-27 17:43:01 0 [Note] InnoDB: Removed temporary tablespace data file: "ibtmp1"
2021-05-27 17:43:01 0 [Note] InnoDB: Creating shared tablespace for temporary tables
2021-05-27 17:43:01 0 [Note] InnoDB: Setting file 'C:\xampp\mysql\data\ibtmp1' size to 12 MB. Physically writing the file full; Please wait ...
2021-05-27 17:43:01 0 [Note] InnoDB: File 'C:\xampp\mysql\data\ibtmp1' size is now 12 MB.
2021-05-27 17:43:01 0 [Note] InnoDB: 10.4.19 started; log sequence number 304895; transaction id 199
2021-05-27 17:43:01 0 [Note] InnoDB: Loading buffer pool(s) from C:\xampp\mysql\data\ib_buffer_pool
2021-05-27 17:43:01 0 [Note] Plugin 'FEEDBACK' is disabled.
2021-05-27 17:43:01 0 [Note] Server socket created on IP: '::'.
2021-05-29 13:51:29 0 [Note] InnoDB: Mutexes and rw_locks use Windows interlocked functions
2021-05-29 13:51:29 0 [Note] InnoDB: Uses event mutexes
2021-05-29 13:51:29 0 [Note] InnoDB: Compressed tables use zlib 1.2.11
2021-05-29 13:51:29 0 [Note] InnoDB: Number of pools: 1
2021-05-29 13:51:29 0 [Note] InnoDB: Using SSE2 crc32 instructions
2021-05-29 13:51:29 0 [Note] InnoDB: Initializing buffer pool, total size = 16M, instances = 1, chunk size = 16M
2021-05-29 13:51:29 0 [Note] InnoDB: Completed initialization of buffer pool
2021-05-29 13:51:29 0 [Note] InnoDB: Starting crash recovery from checkpoint LSN=304904
2021-05-29 13:51:29 0 [Note] InnoDB: 128 out of 128 rollback segments are active.
2021-05-29 13:51:30 0 [Note] InnoDB: Removed temporary tablespace data file: "ibtmp1"
2021-05-29 13:51:30 0 [Note] InnoDB: Creating shared tablespace for temporary tables
2021-05-29 13:51:30 0 [Note] InnoDB: Setting file 'C:\xampp\mysql\data\ibtmp1' size to 12 MB. Physically writing the file full; Please wait ...
2021-05-29 13:51:30 0 [Note] InnoDB: File 'C:\xampp\mysql\data\ibtmp1' size is now 12 MB.
2021-05-29 13:51:30 0 [Note] InnoDB: Waiting for purge to start
2021-05-29 13:51:30 0 [Note] InnoDB: 10.4.19 started; log sequence number 304913; transaction id 199
2021-05-29 13:51:30 0 [Note] InnoDB: Loading buffer pool(s) from C:\xampp\mysql\data\ib_buffer_pool
2021-05-29 13:51:30 0 [Note] Plugin 'FEEDBACK' is disabled.
2021-05-29 13:51:30 0 [Note] Server socket created on IP: '::'.
